Token #1: 12 C.Lexico: num [0,0]
Token #2: a C.Lexico: id [0,3]
Token #3: - C.Lexico: resta [0,5]
Token #4: 5555 C.Lexico: num [0,6]
Token #5: asr C.Lexico: id [0,11]
Token #6: 14 C.Lexico: num [0,15]
Token #7: sy C.Lexico: id [0,18]
Token #8: y C.Lexico: id [0,21]
Token #9: 13445 C.Lexico: num [0,23]
Token #10:  C.Lexico: fin_linea [0,28]
Token #11: 12 C.Lexico: num [1,0]
Token #12:  C.Lexico: fin_linea [1,2]
Token #13: 3 C.Lexico: num [2,0]
Token #14:  C.Lexico: fin_linea [2,1]
Token #15: 4 C.Lexico: num [3,0]
Token #16:  C.Lexico: fin_linea [3,1]
Token #17: afr C.Lexico: id [4,0]
Token #18:  C.Lexico: fin_linea [4,3]
Token #19: int C.Lexico: entero [5,0]
Token #20: a C.Lexico: id [5,4]
Token #21: += C.Lexico: asigna_suma [5,6]
Token #22: 5 C.Lexico: num [5,9]
Token #23:  C.Lexico: fin_linea [5,10]
Token #24: 6 C.Lexico: num [6,0]
Token #25: + C.Lexico: suma [6,2]
Token #26: 7 C.Lexico: num [6,4]
Token #27: + C.Lexico: suma [6,6]
Token #28: 9 C.Lexico: num [6,8]
Token #29:  C.Lexico: fin_linea [6,9]
Token #30: float C.Lexico: flotante [7,0]
Token #31: z C.Lexico: id [7,6]
Token #32: = C.Lexico: asigna [7,8]
Token #33: - C.Lexico: resta [7,10]
Token #34: 5 C.Lexico: num [7,11]
Token #35:  C.Lexico: fin_linea [7,12]
Token #36: x C.Lexico: id [8,0]
Token #37: = C.Lexico: asigna [8,2]
Token #38: 7 C.Lexico: num [8,4]
Token #39: ^ C.Lexico: potencia [8,5]
Token #40: 2 C.Lexico: num [8,6]
Token #41:  C.Lexico: fin_linea [8,7]
